<?xml version="1.0" encoding="UTF-8"?>
<!-- Generated by org.testng.reporters.JUnitReportReporter -->
<testsuite hostname="KYP0113" failures="0" tests="9" name="api.test.DDTests" time="24.394" errors="0" timestamp="2024-05-24T10:00:35 EDT" skipped="0">
  <testcase classname="api.test.DDTests" name="testGetAllUsers" time="4.353"/>
  <system-out/>
  <testcase classname="api.test.DDTests" name="testPostUser" time="2.418"/>
  <system-out/>
  <testcase classname="api.test.DDTests" name="testPostUser" time="2.918"/>
  <system-out/>
  <testcase classname="api.test.DDTests" name="testGetUserByFirstName" time="2.403"/>
  <system-out/>
  <testcase classname="api.test.DDTests" name="testGetUserByFirstName" time="2.405"/>
  <system-out/>
  <testcase classname="api.test.DDTests" name="testPutUser" time="2.403"/>
  <system-out/>
  <testcase classname="api.test.DDTests" name="testPutUser" time="2.411"/>
  <system-out/>
  <testcase classname="api.test.DDTests" name="testDeleteUserByFirstName" time="2.406"/>
  <system-out/>
  <testcase classname="api.test.DDTests" name="testDeleteUserByFirstName" time="2.677"/>
  <system-out/>
</testsuite> <!-- api.test.DDTests -->
